<?xml version="1.0" ?>
<testsuite errors="0" failures="0" name="TestHello-20200229150557" tests="3" time="0.014">
	<testcase classname="TestHello" name="test_hello" time="0.013"/>
	<testcase classname="TestHello" name="test_hello_hello" time="0.001"/>
	<testcase classname="TestHello" name="test_hello_name" time="0.001"/>
	<system-out>
<![CDATA[]]>	</system-out>
	<system-err>
<![CDATA[]]>	</system-err>
</testsuite>
